<?xml version="1.0" encoding="UTF-8"?>
<!-- Generated by org.testng.reporters.JUnitReportReporter -->
<testsuite hostname="GZQ" name="com.bbc.MavenTest.HelloWorld" tests="2" failures="0" timestamp="16 May 2018 14:53:35 GMT" time="0.078" errors="0">
  <testcase name="Test1" time="0.047" classname="com.bbc.MavenTest.HelloWorld"/>
  <testcase name="Test1" time="0.031" classname="com.bbc.MavenTest.HelloWorld"/>
</testsuite> <!-- com.bbc.MavenTest.HelloWorld -->
